<?xml version="1.0" encoding="UTF-8"?>
<!-- Generated by org.testng.reporters.JUnitReportReporter -->
<testsuite hostname="Kalidoss" failures="0" tests="15" name="AdminTests.LoginTests" time="200.329" errors="0" timestamp="2023-07-26T23:10:33 IST" skipped="0">
  <testcase classname="AdminTests.LoginTests" name="userCanAbleTheContentMengement" time="10.938"/>
  <testcase classname="AdminTests.LoginTests" name="userCanAbleSeeTheSalesAndOrders" time="12.030"/>
  <testcase classname="AdminTests.LoginTests" name="userCanAbleTheSystem" time="12.160"/>
  <testcase classname="AdminTests.LoginTests" name="verifyAdminIsLoginWithValidCred" time="10.127"/>
  <testcase classname="AdminTests.LoginTests" name="userCanAbleTheConfiguration" time="12.591"/>
  <testcase classname="AdminTests.LoginTests" name="userCanAbleTheReports" time="11.246"/>
  <testcase classname="AdminTests.LoginTests" name="userCanAbleThePromotionsAndDiscounts" time="11.883"/>
  <testcase classname="AdminTests.LoginTests" name="userCanAbleSeeTheDashBoard" time="12.227"/>
  <testcase classname="AdminTests.LoginTests" name="userCanAbleSeeTheCatagories" time="19.647"/>
  <testcase classname="AdminTests.LoginTests" name="userCanAbleTheOnlineCustomers" time="22.305"/>
  <testcase classname="AdminTests.LoginTests" name="userCanAbleTheHelps" time="11.674"/>
  <testcase classname="AdminTests.LoginTests" name="userCanAbleTheSearchTheCustomers" time="11.661"/>
  <testcase classname="AdminTests.LoginTests" name="userCanAbleTheCustomerReports" time="11.490"/>
  <testcase classname="AdminTests.LoginTests" name="userCanAbleTheAddNewCustomers" time="19.006"/>
  <testcase classname="AdminTests.LoginTests" name="userCanAbleTheVendors" time="11.344"/>
</testsuite> <!-- AdminTests.LoginTests -->
